RandomForest classifier!
(4189,)
Fitting 5 folds for each of 7 candidates, totalling 35 fits
[CV] n_estimators=2000, min_samples_split=2 ..........................
[CV] n_estimators=2000, min_samples_split=2 ..........................
[CV] n_estimators=2000, min_samples_split=2 ..........................
[CV] n_estimators=2000, min_samples_split=2 ..........................
[CV] n_estimators=2000, min_samples_split=2 ..........................
[CV] n_estimators=2000, min_samples_split=5 ..........................
[CV] n_estimators=2000, min_samples_split=5 ..........................
[CV] n_estimators=2000, min_samples_split=5 ..........................
[CV] n_estimators=2000, min_samples_split=5 ..........................
[CV] n_estimators=2000, min_samples_split=5 ..........................
[CV] . n_estimators=2000, min_samples_split=5, score=0.695704 - 2.2min
[CV] n_estimators=2000, min_samples_split=10 .........................
[CV] . n_estimators=2000, min_samples_split=2, score=0.680191 - 2.2min
[CV] n_estimators=2000, min_samples_split=10 .........................
[CV] . n_estimators=2000, min_samples_split=5, score=0.713604 - 2.3min
[CV] n_estimators=2000, min_samples_split=10 .........................
[CV] . n_estimators=2000, min_samples_split=2, score=0.710024 - 2.3min
[CV] n_estimators=2000, min_samples_split=10 .........................
[CV] . n_estimators=2000, min_samples_split=5, score=0.723150 - 2.3min
[Parallel(n_jobs=10)]: Done   5 tasks      | elapsed:  2.3min
[CV] n_estimators=2000, min_samples_split=10 .........................
[CV] . n_estimators=2000, min_samples_split=2, score=0.700477 - 2.4min
[CV] n_estimators=2000, min_samples_split=20 .........................
[CV] . n_estimators=2000, min_samples_split=5, score=0.732378 - 2.4min
[CV] n_estimators=2000, min_samples_split=20 .........................
[CV] . n_estimators=2000, min_samples_split=5, score=0.674224 - 2.4min
[CV] n_estimators=2000, min_samples_split=20 .........................
[CV] . n_estimators=2000, min_samples_split=2, score=0.711217 - 2.5min
[CV] n_estimators=2000, min_samples_split=20 .........................
[CV] . n_estimators=2000, min_samples_split=2, score=0.737157 - 2.7min
[CV] n_estimators=2000, min_samples_split=20 .........................
[CV]  n_estimators=2000, min_samples_split=10, score=0.689737 - 2.5min
[CV] n_estimators=2000, min_samples_split=30 .........................
[CV]  n_estimators=2000, min_samples_split=10, score=0.677804 - 2.4min
[Parallel(n_jobs=10)]: Done  12 tasks      | elapsed:  4.7min
[CV] n_estimators=2000, min_samples_split=30 .........................
[CV]  n_estimators=2000, min_samples_split=20, score=0.721957 - 2.4min
[CV] n_estimators=2000, min_samples_split=30 .........................
[CV]  n_estimators=2000, min_samples_split=20, score=0.699284 - 2.5min
[CV] n_estimators=2000, min_samples_split=30 .........................
[CV]  n_estimators=2000, min_samples_split=10, score=0.715990 - 2.6min
[CV] n_estimators=2000, min_samples_split=30 .........................
[CV]  n_estimators=2000, min_samples_split=10, score=0.729117 - 2.6min
[CV] n_estimators=2000, min_samples_split=40 .........................
[CV]  n_estimators=2000, min_samples_split=20, score=0.725537 - 2.6min
[CV] n_estimators=2000, min_samples_split=40 .........................
[CV]  n_estimators=2000, min_samples_split=20, score=0.675418 - 2.5min
[CV] n_estimators=2000, min_samples_split=40 .........................
[CV]  n_estimators=2000, min_samples_split=10, score=0.734767 - 2.7min
[CV] n_estimators=2000, min_samples_split=40 .........................
[CV]  n_estimators=2000, min_samples_split=20, score=0.739546 - 2.5min
[CV] n_estimators=2000, min_samples_split=40 .........................
[CV]  n_estimators=2000, min_samples_split=30, score=0.718377 - 2.3min
[CV] n_estimators=2000, min_samples_split=50 .........................
[CV]  n_estimators=2000, min_samples_split=30, score=0.700477 - 2.4min
[CV] n_estimators=2000, min_samples_split=50 .........................
[CV]  n_estimators=2000, min_samples_split=30, score=0.728793 - 2.2min
[CV] n_estimators=2000, min_samples_split=50 .........................
[CV]  n_estimators=2000, min_samples_split=30, score=0.720764 - 2.3min
[CV] n_estimators=2000, min_samples_split=50 .........................
[CV]  n_estimators=2000, min_samples_split=30, score=0.673031 - 2.5min
[CV] n_estimators=2000, min_samples_split=50 .........................
[CV]  n_estimators=2000, min_samples_split=40, score=0.698091 - 2.5min
[CV]  n_estimators=2000, min_samples_split=40, score=0.665871 - 2.4min
[CV]  n_estimators=2000, min_samples_split=40, score=0.711217 - 2.5min
[CV]  n_estimators=2000, min_samples_split=40, score=0.712411 - 2.5min
[CV]  n_estimators=2000, min_samples_split=40, score=0.729988 - 2.5min
[CV]  n_estimators=2000, min_samples_split=50, score=0.700477 - 1.2min
[CV]  n_estimators=2000, min_samples_split=50, score=0.718377 - 1.4min
[CV]  n_estimators=2000, min_samples_split=50, score=0.732378 - 1.1min
[CV]  n_estimators=2000, min_samples_split=50, score=0.699284 - 1.5min
[CV]  n_estimators=2000, min_samples_split=50, score=0.673031 - 1.5min
[Parallel(n_jobs=10)]: Done  35 out of  35 | elapsed:  8.6min finished
Parameters with rank: 1
Mean validation score: 0.7123 (std: 0.0225)
Parameters: {'n_estimators': 2000, 'min_samples_split': 20}

Parameters with rank: 2
Mean validation score: 0.7095 (std: 0.0222)
Parameters: {'n_estimators': 2000, 'min_samples_split': 10}

Parameters with rank: 3
Mean validation score: 0.7083 (std: 0.0199)
Parameters: {'n_estimators': 2000, 'min_samples_split': 30}

Parameters with rank: 4
Mean validation score: 0.7078 (std: 0.0184)
Parameters: {'n_estimators': 2000, 'min_samples_split': 2}

Parameters with rank: 5
Mean validation score: 0.7078 (std: 0.0207)
Parameters: {'n_estimators': 2000, 'min_samples_split': 5}

Parameters with rank: 6
Mean validation score: 0.7047 (std: 0.0200)
Parameters: {'n_estimators': 2000, 'min_samples_split': 50}

Parameters with rank: 7
Mean validation score: 0.7035 (std: 0.0214)
Parameters: {'n_estimators': 2000, 'min_samples_split': 40}
RandomForest classifier!
(4189,)
Fitting 5 folds for each of 7 candidates, totalling 35 fits
